{"uid":"5440b996fb94592e","name":"test_frame_handling","fullName":"tests.test_advanced_actions#test_frame_handling","historyId":"ef6b9ae4db31c5cdfadd9df535bb2c71","time":{"start":1761139104391,"stop":1761139140980,"duration":36589},"description":"\nCovers:\n- FRAME HANDLING\n","descriptionHtml":"<p>Covers:</p>\n<ul>\n<li>FRAME HANDLING</li>\n</ul>\n","status":"broken","statusMessage":"selenium.common.exceptions.TimeoutException: Message: \nStacktrace:\n\tGetHandleVerifier [0x0x7ff7cb96e8e5+80021]\n\tGetHandleVerifier [0x0x7ff7cb96e940+80112]\n\t(No symbol) [0x0x7ff7cb6f060f]\n\t(No symbol) [0x0x7ff7cb748854]\n\t(No symbol) [0x0x7ff7cb748b1c]\n\t(No symbol) [0x0x7ff7cb79c927]\n\t(No symbol) [0x0x7ff7cb77126f]\n\t(No symbol) [0x0x7ff7cb79968a]\n\t(No symbol) [0x0x7ff7cb771003]\n\t(No symbol) [0x0x7ff7cb7395d1]\n\t(No symbol) [0x0x7ff7cb73a3f3]\n\tGetHandleVerifier [0x0x7ff7cbc2dc7d+2960429]\n\tGetHandleVerifier [0x0x7ff7cbc27f3a+2936554]\n\tGetHandleVerifier [0x0x7ff7cbc48977+3070247]\n\tGetHandleVerifier [0x0x7ff7cb9883ce+185214]\n\tGetHandleVerifier [0x0x7ff7cb98fe1f+216527]\n\tGetHandleVerifier [0x0x7ff7cb977b24+117460]\n\tGetHandleVerifier [0x0x7ff7cb977cdf+117903]\n\tGetHandleVerifier [0x0x7ff7cb95dbb8+11112]\n\tBaseThreadInitThunk [0x0x7ff8e717e8d7+23]\n\tRtlUserThreadStart [0x0x7ff8e83bc34c+44]","statusTrace":"driver = <selenium.webdriver.chrome.webdriver.WebDriver (session=\"7175e855d07f6fd6af57f5d04d396b7a\")>\n\n    def test_frame_handling(driver):\n        \"\"\"\n        Covers:\n        - FRAME HANDLING\n        \"\"\"\n        driver.get(\"https://demoqa.com/frames\")\n        wait = WebDriverWait(driver, 20)\n        remove_ads_and_footer(driver)\n    \n        # Switch to the frame\n        wait.until(EC.frame_to_be_available_and_switch_to_it((By.ID, \"frame1\")))\n    \n        # Interact with element inside the frame\n        frame_text = wait.until(EC.visibility_of_element_located((By.ID, \"sampleHeading\"))).text\n        assert \"This is a sample page\" in frame_text\n        print(f\"Successfully read text from inside the frame: '{frame_text}'\")\n    \n        # Switch back to the main document\n        driver.switch_to.default_content()\n    \n        # FIX: Remove ads again after context switch as they might reload\n        remove_ads_and_footer(driver)\n    \n        # Wait for the main header to be visible after switching back\n>       main_header = wait.until(EC.visibility_of_element_located((By.CLASS_NAME, \"main-header\")))\n                      ^^^^^^^^^^^^^^^^^^^^^^^^^^^^^^^^^^^^^^^^^^^^^^^^^^^^^^^^^^^^^^^^^^^^^^^^^^^^\n\ntests\\test_advanced_actions.py:82: \n_ _ _ _ _ _ _ _ _ _ _ _ _ _ _ _ _ _ _ _ _ _ _ _ _ _ _ _ _ _ _ _ _ _ _ _ _ _ _ _ _ _ _ _ _ _ _ _ _ _ _ _ _ _ _ _ _ _ \n\nself = <selenium.webdriver.support.wait.WebDriverWait (session=\"7175e855d07f6fd6af57f5d04d396b7a\")>\nmethod = <function visibility_of_element_located.<locals>._predicate at 0x000001AB36C06AC0>, message = ''\n\n    def until(self, method: Callable[[D], Union[Literal[False], T]], message: str = \"\") -> T:\n        \"\"\"Wait until the method returns a value that is not False.\n    \n        Calls the method provided with the driver as an argument until the\n        return value does not evaluate to ``False``.\n    \n        Parameters:\n        -----------\n        method: callable(WebDriver)\n            - A callable object that takes a WebDriver instance as an argument.\n    \n        message: str\n            - Optional message for :exc:`TimeoutException`\n    \n        Return:\n        -------\n        object: T\n            - The result of the last call to `method`\n    \n        Raises:\n        -------\n        TimeoutException\n            - If 'method' does not return a truthy value within the WebDriverWait\n            object's timeout\n    \n        Example:\n        --------\n        >>> from selenium.webdriver.common.by import By\n        >>> from selenium.webdriver.support.ui import WebDriverWait\n        >>> from selenium.webdriver.support import expected_conditions as EC\n    \n        # Wait until an element is visible on the page\n        >>> wait = WebDriverWait(driver, 10)\n        >>> element = wait.until(EC.visibility_of_element_located((By.ID, \"exampleId\")))\n        >>> print(element.text)\n        \"\"\"\n        screen = None\n        stacktrace = None\n    \n        end_time = time.monotonic() + self._timeout\n        while True:\n            try:\n                value = method(self._driver)\n                if value:\n                    return value\n            except self._ignored_exceptions as exc:\n                screen = getattr(exc, \"screen\", None)\n                stacktrace = getattr(exc, \"stacktrace\", None)\n            if time.monotonic() > end_time:\n                break\n            time.sleep(self._poll)\n>       raise TimeoutException(message, screen, stacktrace)\nE       selenium.common.exceptions.TimeoutException: Message: \nE       Stacktrace:\nE       \tGetHandleVerifier [0x0x7ff7cb96e8e5+80021]\nE       \tGetHandleVerifier [0x0x7ff7cb96e940+80112]\nE       \t(No symbol) [0x0x7ff7cb6f060f]\nE       \t(No symbol) [0x0x7ff7cb748854]\nE       \t(No symbol) [0x0x7ff7cb748b1c]\nE       \t(No symbol) [0x0x7ff7cb79c927]\nE       \t(No symbol) [0x0x7ff7cb77126f]\nE       \t(No symbol) [0x0x7ff7cb79968a]\nE       \t(No symbol) [0x0x7ff7cb771003]\nE       \t(No symbol) [0x0x7ff7cb7395d1]\nE       \t(No symbol) [0x0x7ff7cb73a3f3]\nE       \tGetHandleVerifier [0x0x7ff7cbc2dc7d+2960429]\nE       \tGetHandleVerifier [0x0x7ff7cbc27f3a+2936554]\nE       \tGetHandleVerifier [0x0x7ff7cbc48977+3070247]\nE       \tGetHandleVerifier [0x0x7ff7cb9883ce+185214]\nE       \tGetHandleVerifier [0x0x7ff7cb98fe1f+216527]\nE       \tGetHandleVerifier [0x0x7ff7cb977b24+117460]\nE       \tGetHandleVerifier [0x0x7ff7cb977cdf+117903]\nE       \tGetHandleVerifier [0x0x7ff7cb95dbb8+11112]\nE       \tBaseThreadInitThunk [0x0x7ff8e717e8d7+23]\nE       \tRtlUserThreadStart [0x0x7ff8e83bc34c+44]\n\n..\\Your project\\.venv\\Lib\\site-packages\\selenium\\webdriver\\support\\wait.py:138: TimeoutException","flaky":false,"newFailed":false,"newBroken":false,"newPassed":false,"retriesCount":3,"retriesStatusChange":false,"beforeStages":[{"name":"driver","time":{"start":1761139099342,"stop":1761139104388,"duration":5046},"status":"passed","steps":[],"attachments":[],"parameters":[],"hasContent":false,"shouldDisplayMessage":false,"attachmentsCount":0,"stepsCount":0,"attachmentStep":false}],"testStage":{"description":"\nCovers:\n- FRAME HANDLING\n","status":"broken","statusMessage":"selenium.common.exceptions.TimeoutException: Message: \nStacktrace:\n\tGetHandleVerifier [0x0x7ff7cb96e8e5+80021]\n\tGetHandleVerifier [0x0x7ff7cb96e940+80112]\n\t(No symbol) [0x0x7ff7cb6f060f]\n\t(No symbol) [0x0x7ff7cb748854]\n\t(No symbol) [0x0x7ff7cb748b1c]\n\t(No symbol) [0x0x7ff7cb79c927]\n\t(No symbol) [0x0x7ff7cb77126f]\n\t(No symbol) [0x0x7ff7cb79968a]\n\t(No symbol) [0x0x7ff7cb771003]\n\t(No symbol) [0x0x7ff7cb7395d1]\n\t(No symbol) [0x0x7ff7cb73a3f3]\n\tGetHandleVerifier [0x0x7ff7cbc2dc7d+2960429]\n\tGetHandleVerifier [0x0x7ff7cbc27f3a+2936554]\n\tGetHandleVerifier [0x0x7ff7cbc48977+3070247]\n\tGetHandleVerifier [0x0x7ff7cb9883ce+185214]\n\tGetHandleVerifier [0x0x7ff7cb98fe1f+216527]\n\tGetHandleVerifier [0x0x7ff7cb977b24+117460]\n\tGetHandleVerifier [0x0x7ff7cb977cdf+117903]\n\tGetHandleVerifier [0x0x7ff7cb95dbb8+11112]\n\tBaseThreadInitThunk [0x0x7ff8e717e8d7+23]\n\tRtlUserThreadStart [0x0x7ff8e83bc34c+44]","statusTrace":"driver = <selenium.webdriver.chrome.webdriver.WebDriver (session=\"7175e855d07f6fd6af57f5d04d396b7a\")>\n\n    def test_frame_handling(driver):\n        \"\"\"\n        Covers:\n        - FRAME HANDLING\n        \"\"\"\n        driver.get(\"https://demoqa.com/frames\")\n        wait = WebDriverWait(driver, 20)\n        remove_ads_and_footer(driver)\n    \n        # Switch to the frame\n        wait.until(EC.frame_to_be_available_and_switch_to_it((By.ID, \"frame1\")))\n    \n        # Interact with element inside the frame\n        frame_text = wait.until(EC.visibility_of_element_located((By.ID, \"sampleHeading\"))).text\n        assert \"This is a sample page\" in frame_text\n        print(f\"Successfully read text from inside the frame: '{frame_text}'\")\n    \n        # Switch back to the main document\n        driver.switch_to.default_content()\n    \n        # FIX: Remove ads again after context switch as they might reload\n        remove_ads_and_footer(driver)\n    \n        # Wait for the main header to be visible after switching back\n>       main_header = wait.until(EC.visibility_of_element_located((By.CLASS_NAME, \"main-header\")))\n                      ^^^^^^^^^^^^^^^^^^^^^^^^^^^^^^^^^^^^^^^^^^^^^^^^^^^^^^^^^^^^^^^^^^^^^^^^^^^^\n\ntests\\test_advanced_actions.py:82: \n_ _ _ _ _ _ _ _ _ _ _ _ _ _ _ _ _ _ _ _ _ _ _ _ _ _ _ _ _ _ _ _ _ _ _ _ _ _ _ _ _ _ _ _ _ _ _ _ _ _ _ _ _ _ _ _ _ _ \n\nself = <selenium.webdriver.support.wait.WebDriverWait (session=\"7175e855d07f6fd6af57f5d04d396b7a\")>\nmethod = <function visibility_of_element_located.<locals>._predicate at 0x000001AB36C06AC0>, message = ''\n\n    def until(self, method: Callable[[D], Union[Literal[False], T]], message: str = \"\") -> T:\n        \"\"\"Wait until the method returns a value that is not False.\n    \n        Calls the method provided with the driver as an argument until the\n        return value does not evaluate to ``False``.\n    \n        Parameters:\n        -----------\n        method: callable(WebDriver)\n            - A callable object that takes a WebDriver instance as an argument.\n    \n        message: str\n            - Optional message for :exc:`TimeoutException`\n    \n        Return:\n        -------\n        object: T\n            - The result of the last call to `method`\n    \n        Raises:\n        -------\n        TimeoutException\n            - If 'method' does not return a truthy value within the WebDriverWait\n            object's timeout\n    \n        Example:\n        --------\n        >>> from selenium.webdriver.common.by import By\n        >>> from selenium.webdriver.support.ui import WebDriverWait\n        >>> from selenium.webdriver.support import expected_conditions as EC\n    \n        # Wait until an element is visible on the page\n        >>> wait = WebDriverWait(driver, 10)\n        >>> element = wait.until(EC.visibility_of_element_located((By.ID, \"exampleId\")))\n        >>> print(element.text)\n        \"\"\"\n        screen = None\n        stacktrace = None\n    \n        end_time = time.monotonic() + self._timeout\n        while True:\n            try:\n                value = method(self._driver)\n                if value:\n                    return value\n            except self._ignored_exceptions as exc:\n                screen = getattr(exc, \"screen\", None)\n                stacktrace = getattr(exc, \"stacktrace\", None)\n            if time.monotonic() > end_time:\n                break\n            time.sleep(self._poll)\n>       raise TimeoutException(message, screen, stacktrace)\nE       selenium.common.exceptions.TimeoutException: Message: \nE       Stacktrace:\nE       \tGetHandleVerifier [0x0x7ff7cb96e8e5+80021]\nE       \tGetHandleVerifier [0x0x7ff7cb96e940+80112]\nE       \t(No symbol) [0x0x7ff7cb6f060f]\nE       \t(No symbol) [0x0x7ff7cb748854]\nE       \t(No symbol) [0x0x7ff7cb748b1c]\nE       \t(No symbol) [0x0x7ff7cb79c927]\nE       \t(No symbol) [0x0x7ff7cb77126f]\nE       \t(No symbol) [0x0x7ff7cb79968a]\nE       \t(No symbol) [0x0x7ff7cb771003]\nE       \t(No symbol) [0x0x7ff7cb7395d1]\nE       \t(No symbol) [0x0x7ff7cb73a3f3]\nE       \tGetHandleVerifier [0x0x7ff7cbc2dc7d+2960429]\nE       \tGetHandleVerifier [0x0x7ff7cbc27f3a+2936554]\nE       \tGetHandleVerifier [0x0x7ff7cbc48977+3070247]\nE       \tGetHandleVerifier [0x0x7ff7cb9883ce+185214]\nE       \tGetHandleVerifier [0x0x7ff7cb98fe1f+216527]\nE       \tGetHandleVerifier [0x0x7ff7cb977b24+117460]\nE       \tGetHandleVerifier [0x0x7ff7cb977cdf+117903]\nE       \tGetHandleVerifier [0x0x7ff7cb95dbb8+11112]\nE       \tBaseThreadInitThunk [0x0x7ff8e717e8d7+23]\nE       \tRtlUserThreadStart [0x0x7ff8e83bc34c+44]\n\n..\\Your project\\.venv\\Lib\\site-packages\\selenium\\webdriver\\support\\wait.py:138: TimeoutException","steps":[],"attachments":[{"uid":"ab0d02a0372b79ee","name":"Screenshot on failure","source":"ab0d02a0372b79ee.png","type":"image/png","size":295538},{"uid":"c3f02326764a9c8f","name":"stdout","source":"c3f02326764a9c8f.txt","type":"text/plain","size":70}],"parameters":[],"hasContent":true,"shouldDisplayMessage":true,"attachmentsCount":2,"stepsCount":0,"attachmentStep":false},"afterStages":[{"name":"driver::0","time":{"start":1761139142133,"stop":1761139145509,"duration":3376},"status":"passed","steps":[],"attachments":[],"parameters":[],"hasContent":false,"shouldDisplayMessage":false,"attachmentsCount":0,"stepsCount":0,"attachmentStep":false}],"labels":[{"name":"parentSuite","value":"tests"},{"name":"suite","value":"test_advanced_actions"},{"name":"host","value":"ASCENDI-FVU8NJL"},{"name":"thread","value":"12104-MainThread"},{"name":"framework","value":"pytest"},{"name":"language","value":"cpython3"},{"name":"package","value":"tests.test_advanced_actions"},{"name":"resultFormat","value":"allure2"}],"parameters":[],"links":[],"hidden":false,"retry":false,"extra":{"severity":"normal","retries":[{"uid":"ed06fa6767943ee7","status":"broken","statusDetails":"selenium.common.exceptions.WebDriverException: Message: unknown error: net::ERR_CONNECTION_REFUSED\n  (Session info: chrome=141.0.7390.108)\nStacktrace:\n\tGetHandleVerifier [0x0x7ff63548e9e5+80021]\n\tGetHandleVerifier [0x0x7ff63548ea40+80112]\n\t(No symbol) [0x0x7ff63521060f]\n\t(No symbol) [0x0x7ff63520d0bf]\n\t(No symbol) [0x0x7ff6351fdae9]\n\t(No symbol) [0x0x7ff6351ff94e]\n\t(No symbol) [0x0x7ff6351fe0d2]\n\t(No symbol) [0x0x7ff6351fd859]\n\t(No symbol) [0x0x7ff6351fd51d]\n\t(No symbol) [0x0x7ff6351fb08c]\n\t(No symbol) [0x0x7ff6351fb91c]\n\t(No symbol) [0x0x7ff6352146da]\n\t(No symbol) [0x0x7ff6352ba47e]\n\t(No symbol) [0x0x7ff63529122a]\n\t(No symbol) [0x0x7ff6352b968a]\n\t(No symbol) [0x0x7ff635291003]\n\t(No symbol) [0x0x7ff6352595d1]\n\t(No symbol) [0x0x7ff63525a3f3]\n\tGetHandleVerifier [0x0x7ff63574dd8d+2960445]\n\tGetHandleVerifier [0x0x7ff63574804a+2936570]\n\tGetHandleVerifier [0x0x7ff635768a87+3070263]\n\tGetHandleVerifier [0x0x7ff6354a84ce+185214]\n\tGetHandleVerifier [0x0x7ff6354aff1f+216527]\n\tGetHandleVerifier [0x0x7ff635497c24+117460]\n\tGetHandleVerifier [0x0x7ff635497ddf+117903]\n\tGetHandleVerifier [0x0x7ff63547dcb8+11112]\n\tBaseThreadInitThunk [0x0x7ffcdcede8d7+23]\n\tRtlUserThreadStart [0x0x7ffcddfdc34c+44]","time":{"start":1761134424865,"stop":1761134440286,"duration":15421}},{"uid":"d8cc35fcebb03786","status":"broken","statusDetails":"selenium.common.exceptions.TimeoutException: Message: \nStacktrace:\n\tGetHandleVerifier [0x0x7ff7cc27e8e5+80021]\n\tGetHandleVerifier [0x0x7ff7cc27e940+80112]\n\t(No symbol) [0x0x7ff7cc00060f]\n\t(No symbol) [0x0x7ff7cc058854]\n\t(No symbol) [0x0x7ff7cc058b1c]\n\t(No symbol) [0x0x7ff7cc0ac927]\n\t(No symbol) [0x0x7ff7cc08126f]\n\t(No symbol) [0x0x7ff7cc0a968a]\n\t(No symbol) [0x0x7ff7cc081003]\n\t(No symbol) [0x0x7ff7cc0495d1]\n\t(No symbol) [0x0x7ff7cc04a3f3]\n\tGetHandleVerifier [0x0x7ff7cc53dc7d+2960429]\n\tGetHandleVerifier [0x0x7ff7cc537f3a+2936554]\n\tGetHandleVerifier [0x0x7ff7cc558977+3070247]\n\tGetHandleVerifier [0x0x7ff7cc2983ce+185214]\n\tGetHandleVerifier [0x0x7ff7cc29fe1f+216527]\n\tGetHandleVerifier [0x0x7ff7cc287b24+117460]\n\tGetHandleVerifier [0x0x7ff7cc287cdf+117903]\n\tGetHandleVerifier [0x0x7ff7cc26dbb8+11112]\n\tBaseThreadInitThunk [0x0x7ffcdcede8d7+23]\n\tRtlUserThreadStart [0x0x7ffcddfdc34c+44]","time":{"start":1761129431060,"stop":1761129500547,"duration":69487}},{"uid":"3533128761244d6b","status":"broken","statusDetails":"selenium.common.exceptions.TimeoutException: Message: \nStacktrace:\n\tGetHandleVerifier [0x0x7ff6c85ce8e5+80021]\n\tGetHandleVerifier [0x0x7ff6c85ce940+80112]\n\t(No symbol) [0x0x7ff6c835060f]\n\t(No symbol) [0x0x7ff6c83a8854]\n\t(No symbol) [0x0x7ff6c83a8b1c]\n\t(No symbol) [0x0x7ff6c83fc927]\n\t(No symbol) [0x0x7ff6c83d126f]\n\t(No symbol) [0x0x7ff6c83f968a]\n\t(No symbol) [0x0x7ff6c83d1003]\n\t(No symbol) [0x0x7ff6c83995d1]\n\t(No symbol) [0x0x7ff6c839a3f3]\n\tGetHandleVerifier [0x0x7ff6c888dc7d+2960429]\n\tGetHandleVerifier [0x0x7ff6c8887f3a+2936554]\n\tGetHandleVerifier [0x0x7ff6c88a8977+3070247]\n\tGetHandleVerifier [0x0x7ff6c85e83ce+185214]\n\tGetHandleVerifier [0x0x7ff6c85efe1f+216527]\n\tGetHandleVerifier [0x0x7ff6c85d7b24+117460]\n\tGetHandleVerifier [0x0x7ff6c85d7cdf+117903]\n\tGetHandleVerifier [0x0x7ff6c85bdbb8+11112]\n\tBaseThreadInitThunk [0x0x7ffcdcede8d7+23]\n\tRtlUserThreadStart [0x0x7ffcddfdc34c+44]","time":{"start":1761114943159,"stop":1761114960386,"duration":17227}}],"categories":[{"name":"Test defects","matchedStatuses":[]}],"tags":[]},"source":"5440b996fb94592e.json","parameterValues":[]}