{"uid":"6dc7349af5fef05f","name":"test_web_table","fullName":"tests.test_remaining_elements#test_web_table","historyId":"9f02918b09da0b3ea1590b16ec083b84","time":{"start":1761032307262,"stop":1761032347838,"duration":40576},"description":"\nCovers:\n- WEB TABLE\n","descriptionHtml":"<p>Covers:</p>\n<ul>\n<li>WEB TABLE</li>\n</ul>\n","status":"broken","statusMessage":"selenium.common.exceptions.TimeoutException: Message: \nStacktrace:\n\tGetHandleVerifier [0x0x7ff65d06e9e5+80021]\n\tGetHandleVerifier [0x0x7ff65d06ea40+80112]\n\t(No symbol) [0x0x7ff65cdf060f]\n\t(No symbol) [0x0x7ff65ce48854]\n\t(No symbol) [0x0x7ff65ce48b1c]\n\t(No symbol) [0x0x7ff65ce9c927]\n\t(No symbol) [0x0x7ff65ce7126f]\n\t(No symbol) [0x0x7ff65ce9968a]\n\t(No symbol) [0x0x7ff65ce71003]\n\t(No symbol) [0x0x7ff65ce395d1]\n\t(No symbol) [0x0x7ff65ce3a3f3]\n\tGetHandleVerifier [0x0x7ff65d32dd8d+2960445]\n\tGetHandleVerifier [0x0x7ff65d32804a+2936570]\n\tGetHandleVerifier [0x0x7ff65d348a87+3070263]\n\tGetHandleVerifier [0x0x7ff65d0884ce+185214]\n\tGetHandleVerifier [0x0x7ff65d08ff1f+216527]\n\tGetHandleVerifier [0x0x7ff65d077c24+117460]\n\tGetHandleVerifier [0x0x7ff65d077ddf+117903]\n\tGetHandleVerifier [0x0x7ff65d05dcb8+11112]\n\tBaseThreadInitThunk [0x0x7ffa7d59e8d7+23]\n\tRtlUserThreadStart [0x0x7ffa7ef7c34c+44]","statusTrace":"driver = <selenium.webdriver.chrome.webdriver.WebDriver (session=\"a11f349f05d9651aec0e8df287d3da5b\")>\n\n    @pytest.mark.elements\n    def test_web_table(driver):\n        \"\"\"\n        Covers:\n        - WEB TABLE\n        \"\"\"\n        driver.get(\"https://demoqa.com/webtables\")\n        wait = WebDriverWait(driver, 10)\n        remove_ads_and_footer(driver)\n    \n        # Find the row containing \"Cierra\" and get her email\n        # This XPath finds a cell with the text \"Cierra\", goes up to its parent row, then finds the third cell in that row.\n>       email_cell = wait.until(EC.visibility_of_element_located(\n            (By.XPATH, \"//div[text()='Cierra']/parent::div/following-sibling::div[2]\")\n        ))\n\ntests\\test_remaining_elements.py:71: \n_ _ _ _ _ _ _ _ _ _ _ _ _ _ _ _ _ _ _ _ _ _ _ _ _ _ _ _ _ _ _ _ _ _ _ _ _ _ _ _ _ _ _ _ _ _ _ _ _ _ _ _ _ _ _ _ _ _ _ _ _ _ _ _ _ _ _ _ _ _ _ _ _ _ _ _ _ _ _ _ \n\nself = <selenium.webdriver.support.wait.WebDriverWait (session=\"a11f349f05d9651aec0e8df287d3da5b\")>\nmethod = <function visibility_of_element_located.<locals>._predicate at 0x000001B0608D6E80>, message = ''\n\n    def until(self, method: Callable[[D], Union[Literal[False], T]], message: str = \"\") -> T:\n        \"\"\"Wait until the method returns a value that is not False.\n    \n        Calls the method provided with the driver as an argument until the\n        return value does not evaluate to ``False``.\n    \n        Parameters:\n        -----------\n        method: callable(WebDriver)\n            - A callable object that takes a WebDriver instance as an argument.\n    \n        message: str\n            - Optional message for :exc:`TimeoutException`\n    \n        Return:\n        -------\n        object: T\n            - The result of the last call to `method`\n    \n        Raises:\n        -------\n        TimeoutException\n            - If 'method' does not return a truthy value within the WebDriverWait\n            object's timeout\n    \n        Example:\n        --------\n        >>> from selenium.webdriver.common.by import By\n        >>> from selenium.webdriver.support.ui import WebDriverWait\n        >>> from selenium.webdriver.support import expected_conditions as EC\n    \n        # Wait until an element is visible on the page\n        >>> wait = WebDriverWait(driver, 10)\n        >>> element = wait.until(EC.visibility_of_element_located((By.ID, \"exampleId\")))\n        >>> print(element.text)\n        \"\"\"\n        screen = None\n        stacktrace = None\n    \n        end_time = time.monotonic() + self._timeout\n        while True:\n            try:\n                value = method(self._driver)\n                if value:\n                    return value\n            except self._ignored_exceptions as exc:\n                screen = getattr(exc, \"screen\", None)\n                stacktrace = getattr(exc, \"stacktrace\", None)\n            if time.monotonic() > end_time:\n                break\n            time.sleep(self._poll)\n>       raise TimeoutException(message, screen, stacktrace)\nE       selenium.common.exceptions.TimeoutException: Message: \nE       Stacktrace:\nE       \tGetHandleVerifier [0x0x7ff65d06e9e5+80021]\nE       \tGetHandleVerifier [0x0x7ff65d06ea40+80112]\nE       \t(No symbol) [0x0x7ff65cdf060f]\nE       \t(No symbol) [0x0x7ff65ce48854]\nE       \t(No symbol) [0x0x7ff65ce48b1c]\nE       \t(No symbol) [0x0x7ff65ce9c927]\nE       \t(No symbol) [0x0x7ff65ce7126f]\nE       \t(No symbol) [0x0x7ff65ce9968a]\nE       \t(No symbol) [0x0x7ff65ce71003]\nE       \t(No symbol) [0x0x7ff65ce395d1]\nE       \t(No symbol) [0x0x7ff65ce3a3f3]\nE       \tGetHandleVerifier [0x0x7ff65d32dd8d+2960445]\nE       \tGetHandleVerifier [0x0x7ff65d32804a+2936570]\nE       \tGetHandleVerifier [0x0x7ff65d348a87+3070263]\nE       \tGetHandleVerifier [0x0x7ff65d0884ce+185214]\nE       \tGetHandleVerifier [0x0x7ff65d08ff1f+216527]\nE       \tGetHandleVerifier [0x0x7ff65d077c24+117460]\nE       \tGetHandleVerifier [0x0x7ff65d077ddf+117903]\nE       \tGetHandleVerifier [0x0x7ff65d05dcb8+11112]\nE       \tBaseThreadInitThunk [0x0x7ffa7d59e8d7+23]\nE       \tRtlUserThreadStart [0x0x7ffa7ef7c34c+44]\n\n..\\Your project\\.venv\\Lib\\site-packages\\selenium\\webdriver\\support\\wait.py:138: TimeoutException","flaky":false,"newFailed":false,"newBroken":false,"newPassed":false,"retriesCount":0,"retriesStatusChange":false,"beforeStages":[{"name":"driver","time":{"start":1761032295138,"stop":1761032307261,"duration":12123},"status":"passed","steps":[],"attachments":[],"parameters":[],"hasContent":false,"shouldDisplayMessage":false,"attachmentsCount":0,"stepsCount":0,"attachmentStep":false}],"testStage":{"description":"\nCovers:\n- WEB TABLE\n","status":"broken","statusMessage":"selenium.common.exceptions.TimeoutException: Message: \nStacktrace:\n\tGetHandleVerifier [0x0x7ff65d06e9e5+80021]\n\tGetHandleVerifier [0x0x7ff65d06ea40+80112]\n\t(No symbol) [0x0x7ff65cdf060f]\n\t(No symbol) [0x0x7ff65ce48854]\n\t(No symbol) [0x0x7ff65ce48b1c]\n\t(No symbol) [0x0x7ff65ce9c927]\n\t(No symbol) [0x0x7ff65ce7126f]\n\t(No symbol) [0x0x7ff65ce9968a]\n\t(No symbol) [0x0x7ff65ce71003]\n\t(No symbol) [0x0x7ff65ce395d1]\n\t(No symbol) [0x0x7ff65ce3a3f3]\n\tGetHandleVerifier [0x0x7ff65d32dd8d+2960445]\n\tGetHandleVerifier [0x0x7ff65d32804a+2936570]\n\tGetHandleVerifier [0x0x7ff65d348a87+3070263]\n\tGetHandleVerifier [0x0x7ff65d0884ce+185214]\n\tGetHandleVerifier [0x0x7ff65d08ff1f+216527]\n\tGetHandleVerifier [0x0x7ff65d077c24+117460]\n\tGetHandleVerifier [0x0x7ff65d077ddf+117903]\n\tGetHandleVerifier [0x0x7ff65d05dcb8+11112]\n\tBaseThreadInitThunk [0x0x7ffa7d59e8d7+23]\n\tRtlUserThreadStart [0x0x7ffa7ef7c34c+44]","statusTrace":"driver = <selenium.webdriver.chrome.webdriver.WebDriver (session=\"a11f349f05d9651aec0e8df287d3da5b\")>\n\n    @pytest.mark.elements\n    def test_web_table(driver):\n        \"\"\"\n        Covers:\n        - WEB TABLE\n        \"\"\"\n        driver.get(\"https://demoqa.com/webtables\")\n        wait = WebDriverWait(driver, 10)\n        remove_ads_and_footer(driver)\n    \n        # Find the row containing \"Cierra\" and get her email\n        # This XPath finds a cell with the text \"Cierra\", goes up to its parent row, then finds the third cell in that row.\n>       email_cell = wait.until(EC.visibility_of_element_located(\n            (By.XPATH, \"//div[text()='Cierra']/parent::div/following-sibling::div[2]\")\n        ))\n\ntests\\test_remaining_elements.py:71: \n_ _ _ _ _ _ _ _ _ _ _ _ _ _ _ _ _ _ _ _ _ _ _ _ _ _ _ _ _ _ _ _ _ _ _ _ _ _ _ _ _ _ _ _ _ _ _ _ _ _ _ _ _ _ _ _ _ _ _ _ _ _ _ _ _ _ _ _ _ _ _ _ _ _ _ _ _ _ _ _ \n\nself = <selenium.webdriver.support.wait.WebDriverWait (session=\"a11f349f05d9651aec0e8df287d3da5b\")>\nmethod = <function visibility_of_element_located.<locals>._predicate at 0x000001B0608D6E80>, message = ''\n\n    def until(self, method: Callable[[D], Union[Literal[False], T]], message: str = \"\") -> T:\n        \"\"\"Wait until the method returns a value that is not False.\n    \n        Calls the method provided with the driver as an argument until the\n        return value does not evaluate to ``False``.\n    \n        Parameters:\n        -----------\n        method: callable(WebDriver)\n            - A callable object that takes a WebDriver instance as an argument.\n    \n        message: str\n            - Optional message for :exc:`TimeoutException`\n    \n        Return:\n        -------\n        object: T\n            - The result of the last call to `method`\n    \n        Raises:\n        -------\n        TimeoutException\n            - If 'method' does not return a truthy value within the WebDriverWait\n            object's timeout\n    \n        Example:\n        --------\n        >>> from selenium.webdriver.common.by import By\n        >>> from selenium.webdriver.support.ui import WebDriverWait\n        >>> from selenium.webdriver.support import expected_conditions as EC\n    \n        # Wait until an element is visible on the page\n        >>> wait = WebDriverWait(driver, 10)\n        >>> element = wait.until(EC.visibility_of_element_located((By.ID, \"exampleId\")))\n        >>> print(element.text)\n        \"\"\"\n        screen = None\n        stacktrace = None\n    \n        end_time = time.monotonic() + self._timeout\n        while True:\n            try:\n                value = method(self._driver)\n                if value:\n                    return value\n            except self._ignored_exceptions as exc:\n                screen = getattr(exc, \"screen\", None)\n                stacktrace = getattr(exc, \"stacktrace\", None)\n            if time.monotonic() > end_time:\n                break\n            time.sleep(self._poll)\n>       raise TimeoutException(message, screen, stacktrace)\nE       selenium.common.exceptions.TimeoutException: Message: \nE       Stacktrace:\nE       \tGetHandleVerifier [0x0x7ff65d06e9e5+80021]\nE       \tGetHandleVerifier [0x0x7ff65d06ea40+80112]\nE       \t(No symbol) [0x0x7ff65cdf060f]\nE       \t(No symbol) [0x0x7ff65ce48854]\nE       \t(No symbol) [0x0x7ff65ce48b1c]\nE       \t(No symbol) [0x0x7ff65ce9c927]\nE       \t(No symbol) [0x0x7ff65ce7126f]\nE       \t(No symbol) [0x0x7ff65ce9968a]\nE       \t(No symbol) [0x0x7ff65ce71003]\nE       \t(No symbol) [0x0x7ff65ce395d1]\nE       \t(No symbol) [0x0x7ff65ce3a3f3]\nE       \tGetHandleVerifier [0x0x7ff65d32dd8d+2960445]\nE       \tGetHandleVerifier [0x0x7ff65d32804a+2936570]\nE       \tGetHandleVerifier [0x0x7ff65d348a87+3070263]\nE       \tGetHandleVerifier [0x0x7ff65d0884ce+185214]\nE       \tGetHandleVerifier [0x0x7ff65d08ff1f+216527]\nE       \tGetHandleVerifier [0x0x7ff65d077c24+117460]\nE       \tGetHandleVerifier [0x0x7ff65d077ddf+117903]\nE       \tGetHandleVerifier [0x0x7ff65d05dcb8+11112]\nE       \tBaseThreadInitThunk [0x0x7ffa7d59e8d7+23]\nE       \tRtlUserThreadStart [0x0x7ffa7ef7c34c+44]\n\n..\\Your project\\.venv\\Lib\\site-packages\\selenium\\webdriver\\support\\wait.py:138: TimeoutException","steps":[],"attachments":[{"uid":"8edf595bd16838b4","name":"stdout","source":"8edf595bd16838b4.txt","type":"text/plain","size":82}],"parameters":[],"hasContent":true,"shouldDisplayMessage":true,"attachmentsCount":1,"stepsCount":0,"attachmentStep":false},"afterStages":[{"name":"driver::0","time":{"start":1761032348691,"stop":1761032359513,"duration":10822},"status":"passed","steps":[],"attachments":[{"uid":"86b64dd371ae7352","name":"test_web_table","source":"86b64dd371ae7352.png","type":"image/png","size":223951}],"parameters":[],"hasContent":true,"shouldDisplayMessage":false,"attachmentsCount":1,"stepsCount":0,"attachmentStep":false}],"labels":[{"name":"tag","value":"elements"},{"name":"parentSuite","value":"tests"},{"name":"suite","value":"test_remaining_elements"},{"name":"host","value":"ASCENDI-FVU8NJL"},{"name":"thread","value":"13348-MainThread"},{"name":"framework","value":"pytest"},{"name":"language","value":"cpython3"},{"name":"package","value":"tests.test_remaining_elements"},{"name":"resultFormat","value":"allure2"}],"parameters":[],"links":[],"hidden":true,"retry":true,"extra":{"categories":[],"tags":["elements"]},"source":"6dc7349af5fef05f.json","parameterValues":[]}